<?xml version="1.0" encoding="UTF-8"?>
<!-- Generated by org.testng.reporters.JUnitReportReporter -->
<testsuite skipped="0" hostname="LAPTOP-AAKS8C7V" name="com.qa.seleniumbasics.DragAndDrop" tests="1" failures="0" timestamp="26 Aug 2023 14:00:45 GMT" time="7.848" errors="0">
  <testcase name="dragAndDrop1" time="7.848" classname="com.qa.seleniumbasics.DragAndDrop"/>
</testsuite> <!-- com.qa.seleniumbasics.DragAndDrop -->
