<?xml version="1.0" encoding="UTF-8"?>
<!-- Generated by org.testng.reporters.JUnitReportReporter -->
<testsuite skipped="0" hostname="LAPTOP-AAKS8C7V" name="com.qa.testngbasics.Xpath" tests="1" failures="0" timestamp="25 Aug 2023 13:42:02 GMT" time="8.678" errors="0">
  <testcase name="Xpath" time="8.678" classname="com.qa.testngbasics.Xpath"/>
</testsuite> <!-- com.qa.testngbasics.Xpath -->
