<?xml version="1.0" encoding="UTF-8"?>
<!-- Generated by org.testng.reporters.JUnitReportReporter -->
<testsuite skipped="0" hostname="LAPTOP-AAKS8C7V" name="com.qa.seleniumbasics.IsDisplayed" tests="1" failures="0" timestamp="26 Aug 2023 08:20:58 GMT" time="21.911" errors="0">
  <testcase name="elementVisibility" time="21.911" classname="com.qa.seleniumbasics.IsDisplayed"/>
</testsuite> <!-- com.qa.seleniumbasics.IsDisplayed -->
