<?xml version="1.0" encoding="UTF-8"?>
<!-- Generated by org.testng.reporters.JUnitReportReporter -->
<testsuite skipped="0" hostname="LAPTOP-AAKS8C7V" name="com.qa.testngbasics.InvocationCount" tests="3" failures="0" timestamp="20 Aug 2023 18:40:25 GMT" time="13.198" errors="0">
  <testcase name="test1" time="5.529" classname="com.qa.testngbasics.InvocationCount"/>
  <testcase name="test1" time="3.820" classname="com.qa.testngbasics.InvocationCount"/>
  <testcase name="test1" time="3.849" classname="com.qa.testngbasics.InvocationCount"/>
</testsuite> <!-- com.qa.testngbasics.InvocationCount -->
