<?xml version="1.0" encoding="UTF-8"?>
<!-- Generated by org.testng.reporters.JUnitReportReporter -->
<testsuite skipped="0" hostname="LAPTOP-AAKS8C7V" name="com.qa.testngbasics.Priority" tests="2" failures="0" timestamp="20 Aug 2023 18:31:22 GMT" time="12.080" errors="0">
  <testcase name="test2" time="3.873" classname="com.qa.testngbasics.Priority"/>
  <testcase name="test1" time="8.207" classname="com.qa.testngbasics.Priority"/>
</testsuite> <!-- com.qa.testngbasics.Priority -->
