<?xml version="1.0" encoding="UTF-8"?>
<!-- Generated by org.testng.reporters.JUnitReportReporter -->
<testsuite skipped="0" hostname="LAPTOP-AAKS8C7V" name="com.qa.seleniumbasics.ScreenShot" tests="1" failures="0" timestamp="26 Aug 2023 09:46:35 GMT" time="29.326" errors="0">
  <testcase name="takeScreenShot" time="29.326" classname="com.qa.seleniumbasics.ScreenShot"/>
</testsuite> <!-- com.qa.seleniumbasics.ScreenShot -->
