<?xml version="1.0" encoding="UTF-8"?>
<!-- Generated by org.testng.reporters.JUnitReportReporter -->
<testsuite skipped="0" hostname="LAPTOP-AAKS8C7V" name="com.qa.seleniumbasics.alterPopupHandle" tests="1" failures="0" timestamp="25 Aug 2023 14:34:49 GMT" time="8.866" errors="0">
  <testcase name="alterHandle" time="8.866" classname="com.qa.seleniumbasics.alterPopupHandle"/>
</testsuite> <!-- com.qa.seleniumbasics.alterPopupHandle -->
