<?xml version="1.0" encoding="UTF-8"?>
<!-- Generated by org.testng.reporters.JUnitReportReporter -->
<testsuite skipped="0" hostname="LAPTOP-AAKS8C7V" name="com.qa.seleniumbasics.Navigate" tests="1" failures="0" timestamp="26 Aug 2023 09:41:14 GMT" time="26.960" errors="0">
  <testcase name="navigate1" time="26.960" classname="com.qa.seleniumbasics.Navigate"/>
</testsuite> <!-- com.qa.seleniumbasics.Navigate -->
