<?xml version="1.0" encoding="UTF-8"?>
<!-- Generated by org.testng.reporters.JUnitReportReporter -->
<testsuite skipped="0" hostname="LAPTOP-AAKS8C7V" name="com.qa.testngbasics.Total_number_of_links" tests="1" failures="0" timestamp="24 Aug 2023 18:10:40 GMT" time="6.512" errors="0">
  <testcase name="numerOfLinks" time="6.512" classname="com.qa.testngbasics.Total_number_of_links"/>
</testsuite> <!-- com.qa.testngbasics.Total_number_of_links -->
