<?xml version="1.0" encoding="UTF-8"?>
<!-- Generated by org.testng.reporters.JUnitReportReporter -->
<testsuite skipped="0" hostname="LAPTOP-AAKS8C7V" name="com.qa.testngbasics.DropDown" tests="1" failures="0" timestamp="23 Aug 2023 15:53:38 GMT" time="8.754" errors="0">
  <testcase name="dropDown" time="8.754" classname="com.qa.testngbasics.DropDown"/>
</testsuite> <!-- com.qa.testngbasics.DropDown -->
