<?xml version="1.0" encoding="UTF-8"?>
<!-- Generated by org.testng.reporters.JUnitReportReporter -->
<testsuite skipped="0" hostname="LAPTOP-AAKS8C7V" name="com.qa.testngbasics.Launch_url" tests="1" failures="0" timestamp="20 Aug 2023 17:59:40 GMT" time="8.076" errors="0">
  <testcase name="googletitleTest" time="8.076" classname="com.qa.testngbasics.Launch_url"/>
</testsuite> <!-- com.qa.testngbasics.Launch_url -->
