<?xml version="1.0" encoding="UTF-8"?>
<!-- Generated by org.testng.reporters.JUnitReportReporter -->
<testsuite skipped="0" hostname="LAPTOP-AAKS8C7V" name="com.qa.testngbasics.Enabled" tests="2" failures="0" timestamp="20 Aug 2023 19:26:55 GMT" time="9.393" errors="0">
  <testcase name="test1" time="5.578" classname="com.qa.testngbasics.Enabled"/>
  <testcase name="test2" time="3.815" classname="com.qa.testngbasics.Enabled"/>
</testsuite> <!-- com.qa.testngbasics.Enabled -->
