<?xml version="1.0" encoding="UTF-8"?>
<!-- Generated by org.testng.reporters.JUnitReportReporter -->
<testsuite skipped="0" hostname="LAPTOP-AAKS8C7V" name="com.qa.testngbasics.Locators" tests="1" failures="0" timestamp="23 Aug 2023 14:51:00 GMT" time="25.362" errors="0">
  <testcase name="locators" time="25.362" classname="com.qa.testngbasics.Locators"/>
</testsuite> <!-- com.qa.testngbasics.Locators -->
